<?xml version="1.0" encoding="UTF-8"?>
<robot generator="Robot 7.4.2 (Python 3.14.5 on win32)" generated="2026-06-05T13:57:20.470160" rpa="false" schemaversion="5">
<suite id="s1" name="Projeto robot" source="D:\Projeto_robot">
<suite id="s1-s1" name="Test" source="D:\Projeto_robot\test">
<suite id="s1-s1-s1" name="Login Steps" source="D:\Projeto_robot\test\login_steps.robot">
<kw name="Open Browser" owner="SeleniumLibrary" type="SETUP">
<msg time="2026-06-05T13:57:21.162159" level="INFO">Opening browser 'chrome' to base url 'None'.</msg>
<arg>browser=chrome</arg>
<doc>Opens a new browser instance to the optional ``url``.</doc>
<status status="PASS" start="2026-06-05T13:57:21.161421" elapsed="1.415497"/>
</kw>
<test id="s1-s1-s1-t1" name="Successful Login" line="11">
<kw name="I navigate to the login page" owner="login_keyworks">
<kw name="Go To" owner="SeleniumLibrary">
<msg time="2026-06-05T13:57:22.598901" level="INFO">Opening url 'https://www.saucedemo.com/'</msg>
<arg>${URL}</arg>
<doc>Navigates the current browser window to the provided ``url``.</doc>
<status status="PASS" start="2026-06-05T13:57:22.597992" elapsed="0.152473"/>
</kw>
<arg>${URL}</arg>
<status status="PASS" start="2026-06-05T13:57:22.596422" elapsed="0.154800"/>
</kw>
<kw name="I input correct credentials" owner="login_keyworks">
<kw name="Wait Until Element Is Visible" owner="SeleniumLibrary">
<arg>id=user-name</arg>
<doc>Waits until the element ``locator`` is visible.</doc>
<status status="PASS" start="2026-06-05T13:57:22.763905" elapsed="0.558529"/>
</kw>
<kw name="Input Text" owner="SeleniumLibrary">
<msg time="2026-06-05T13:57:23.324692" level="INFO">Typing text 'standard_user' into text field 'id=user-name'.</msg>
<arg>id=user-name</arg>
<arg>${LOGIN_DATA["correctData"]["username"]}</arg>
<doc>Types the given ``text`` into the text field identified by ``locator``.</doc>
<status status="PASS" start="2026-06-05T13:57:23.323132" elapsed="0.240315"/>
</kw>
<kw name="Input Text" owner="SeleniumLibrary">
<msg time="2026-06-05T13:57:23.564839" level="INFO">Typing text 'secret_sauce' into text field 'id=password'.</msg>
<arg>id=password</arg>
<arg>${LOGIN_DATA["correctData"]["password"]}</arg>
<doc>Types the given ``text`` into the text field identified by ``locator``.</doc>
<status status="PASS" start="2026-06-05T13:57:23.563875" elapsed="0.163368"/>
</kw>
<status status="PASS" start="2026-06-05T13:57:22.761746" elapsed="0.966026"/>
</kw>
<kw name="I click on the login button" owner="login_keyworks">
<kw name="Click Button" owner="SeleniumLibrary">
<msg time="2026-06-05T13:57:23.729926" level="INFO">Clicking button 'id=login-button'.</msg>
<arg>id=login-button</arg>
<doc>Clicks the button identified by ``locator``.</doc>
<status status="PASS" start="2026-06-05T13:57:23.729219" elapsed="0.217382"/>
</kw>
<status status="PASS" start="2026-06-05T13:57:23.728354" elapsed="0.218758"/>
</kw>
<kw name="I am able view the home page" owner="login_keyworks">
<kw name="Get Location" owner="SeleniumLibrary">
<msg time="2026-06-05T13:57:23.975063" level="INFO">${location} = https://www.saucedemo.com/inventory.html</msg>
<var>${location}</var>
<doc>Returns the current browser window URL.</doc>
<status status="PASS" start="2026-06-05T13:57:23.963249" elapsed="0.012364"/>
</kw>
<kw name="Should Be Equal" owner="BuiltIn">
<arg>${location}</arg>
<arg>https://www.saucedemo.com/inventory.html</arg>
<doc>Fails if the given objects are unequal.</doc>
<status status="PASS" start="2026-06-05T13:57:23.976137" elapsed="0.001631"/>
</kw>
<status status="PASS" start="2026-06-05T13:57:23.961522" elapsed="0.016811"/>
</kw>
<status status="PASS" start="2026-06-05T13:57:22.577995" elapsed="1.402275"/>
</test>
<test id="s1-s1-s1-t2" name="unSuccessful Login - No Credentials" line="17">
<kw name="I navigate to the login page" owner="login_keyworks">
<kw name="Go To" owner="SeleniumLibrary">
<msg time="2026-06-05T13:57:24.051124" level="INFO">Opening url 'https://www.saucedemo.com/'</msg>
<arg>${URL}</arg>
<doc>Navigates the current browser window to the provided ``url``.</doc>
<status status="PASS" start="2026-06-05T13:57:24.050199" elapsed="0.145829"/>
</kw>
<arg>${URL}</arg>
<status status="PASS" start="2026-06-05T13:57:24.046268" elapsed="0.150078"/>
</kw>
<kw name="I input no credentials" owner="login_keyworks">
<kw name="Wait Until Element Is Visible" owner="SeleniumLibrary">
<arg>id=user-name</arg>
<doc>Waits until the element ``locator`` is visible.</doc>
<status status="PASS" start="2026-06-05T13:57:24.199879" elapsed="0.024637"/>
</kw>
<status status="PASS" start="2026-06-05T13:57:24.197358" elapsed="0.027514"/>
</kw>
<kw name="I click on the login button" owner="login_keyworks">
<kw name="Click Button" owner="SeleniumLibrary">
<msg time="2026-06-05T13:57:24.226739" level="INFO">Clicking button 'id=login-button'.</msg>
<arg>id=login-button</arg>
<doc>Clicks the button identified by ``locator``.</doc>
<status status="PASS" start="2026-06-05T13:57:24.226218" elapsed="0.114018"/>
</kw>
<status status="PASS" start="2026-06-05T13:57:24.225492" elapsed="0.115477"/>
</kw>
<kw name="I am able see the expected error message for no credentials" owner="login_keyworks">
<kw name="Wait Until Element Contains" owner="SeleniumLibrary">
<arg>class=error-message-container</arg>
<arg>${ERROR_MESSAGES["noCredentials"]}</arg>
<doc>Waits until the element ``locator`` contains ``text``.</doc>
<status status="PASS" start="2026-06-05T13:57:24.342715" elapsed="0.048998"/>
</kw>
<status status="PASS" start="2026-06-05T13:57:24.341576" elapsed="0.050469"/>
</kw>
<status status="PASS" start="2026-06-05T13:57:24.018128" elapsed="0.374407"/>
</test>
<test id="s1-s1-s1-t3" name="unSuccessful Login - No UserName" line="23">
<kw name="I navigate to the login page" owner="login_keyworks">
<kw name="Go To" owner="SeleniumLibrary">
<msg time="2026-06-05T13:57:24.419082" level="INFO">Opening url 'https://www.saucedemo.com/'</msg>
<arg>${URL}</arg>
<doc>Navigates the current browser window to the provided ``url``.</doc>
<status status="PASS" start="2026-06-05T13:57:24.418296" elapsed="0.085213"/>
</kw>
<arg>${URL}</arg>
<status status="PASS" start="2026-06-05T13:57:24.417142" elapsed="0.086896"/>
</kw>
<kw name="I input only the password" owner="login_keyworks">
<kw name="Wait Until Element Is Visible" owner="SeleniumLibrary">
<arg>id=user-name</arg>
<doc>Waits until the element ``locator`` is visible.</doc>
<status status="PASS" start="2026-06-05T13:57:24.510200" elapsed="0.023233"/>
</kw>
<kw name="Input Text" owner="SeleniumLibrary">
<msg time="2026-06-05T13:57:24.535159" level="INFO">Typing text 'secret_sauce' into text field 'id=password'.</msg>
<arg>id=password</arg>
<arg>${LOGIN_DATA["correctData"]["password"]}</arg>
<doc>Types the given ``text`` into the text field identified by ``locator``.</doc>
<status status="PASS" start="2026-06-05T13:57:24.533868" elapsed="0.151507"/>
</kw>
<status status="PASS" start="2026-06-05T13:57:24.508931" elapsed="0.177040"/>
</kw>
<kw name="I click on the login button" owner="login_keyworks">
<kw name="Click Button" owner="SeleniumLibrary">
<msg time="2026-06-05T13:57:24.688511" level="INFO">Clicking button 'id=login-button'.</msg>
<arg>id=login-button</arg>
<doc>Clicks the button identified by ``locator``.</doc>
<status status="PASS" start="2026-06-05T13:57:24.687927" elapsed="0.127500"/>
</kw>
<status status="PASS" start="2026-06-05T13:57:24.686803" elapsed="0.128950"/>
</kw>
<kw name="I am able see the expected error message for no username" owner="login_keyworks">
<kw name="Wait Until Element Contains" owner="SeleniumLibrary">
<arg>class=error-message-container</arg>
<arg>${ERROR_MESSAGES["noUsername"]}</arg>
<doc>Waits until the element ``locator`` contains ``text``.</doc>
<status status="PASS" start="2026-06-05T13:57:24.817189" elapsed="1.956412"/>
</kw>
<status status="PASS" start="2026-06-05T13:57:24.816401" elapsed="1.957714"/>
</kw>
<status status="PASS" start="2026-06-05T13:57:24.399217" elapsed="2.375596"/>
</test>
<test id="s1-s1-s1-t4" name="unSuccessful Login - no Password" line="29">
<kw name="I navigate to the login page" owner="login_keyworks">
<kw name="Go To" owner="SeleniumLibrary">
<msg time="2026-06-05T13:57:26.827605" level="INFO">Opening url 'https://www.saucedemo.com/'</msg>
<arg>${URL}</arg>
<doc>Navigates the current browser window to the provided ``url``.</doc>
<status status="PASS" start="2026-06-05T13:57:26.827117" elapsed="0.141781"/>
</kw>
<arg>${URL}</arg>
<status status="PASS" start="2026-06-05T13:57:26.825573" elapsed="0.145884"/>
</kw>
<kw name="I input only the username" owner="login_keyworks">
<kw name="Wait Until Element Is Visible" owner="SeleniumLibrary">
<arg>id=user-name</arg>
<doc>Waits until the element ``locator`` is visible.</doc>
<status status="PASS" start="2026-06-05T13:57:26.977490" elapsed="0.200122"/>
</kw>
<kw name="Input Text" owner="SeleniumLibrary">
<msg time="2026-06-05T13:57:27.179547" level="INFO">Typing text 'standard_user' into text field 'id=user-name'.</msg>
<arg>id=user-name</arg>
<arg>${LOGIN_DATA["correctData"]["username"]}</arg>
<doc>Types the given ``text`` into the text field identified by ``locator``.</doc>
<status status="PASS" start="2026-06-05T13:57:27.178225" elapsed="0.350807"/>
</kw>
<status status="PASS" start="2026-06-05T13:57:26.976394" elapsed="0.553141"/>
</kw>
<kw name="I click on the login button" owner="login_keyworks">
<kw name="Click Button" owner="SeleniumLibrary">
<msg time="2026-06-05T13:57:27.532215" level="INFO">Clicking button 'id=login-button'.</msg>
<arg>id=login-button</arg>
<doc>Clicks the button identified by ``locator``.</doc>
<status status="PASS" start="2026-06-05T13:57:27.531355" elapsed="0.132866"/>
</kw>
<status status="PASS" start="2026-06-05T13:57:27.530288" elapsed="0.134559"/>
</kw>
<kw name="I am able see the expected error message for no password" owner="login_keyworks">
<kw name="Wait Until Element Contains" owner="SeleniumLibrary">
<arg>class=error-message-container</arg>
<arg>${ERROR_MESSAGES["noPassword"]}</arg>
<doc>Waits until the element ``locator`` contains ``text``.</doc>
<status status="PASS" start="2026-06-05T13:57:27.666797" elapsed="0.033403"/>
</kw>
<status status="PASS" start="2026-06-05T13:57:27.665555" elapsed="0.034972"/>
</kw>
<status status="PASS" start="2026-06-05T13:57:26.790636" elapsed="0.910458"/>
</test>
<test id="s1-s1-s1-t5" name="unSuccessful Login - Wrong Credentials" line="35">
<kw name="I navigate to the login page" owner="login_keyworks">
<kw name="Go To" owner="SeleniumLibrary">
<msg time="2026-06-05T13:57:27.722155" level="INFO">Opening url 'https://www.saucedemo.com/'</msg>
<arg>${URL}</arg>
<doc>Navigates the current browser window to the provided ``url``.</doc>
<status status="PASS" start="2026-06-05T13:57:27.721329" elapsed="0.125922"/>
</kw>
<arg>${URL}</arg>
<status status="PASS" start="2026-06-05T13:57:27.720069" elapsed="0.127710"/>
</kw>
<kw name="I input wrong credentials" owner="login_keyworks">
<kw name="Wait Until Element Is Visible" owner="SeleniumLibrary">
<arg>id=user-name</arg>
<doc>Waits until the element ``locator`` is visible.</doc>
<status status="PASS" start="2026-06-05T13:57:27.849650" elapsed="0.031273"/>
</kw>
<kw name="Input Text" owner="SeleniumLibrary">
<msg time="2026-06-05T13:57:27.882205" level="INFO">Typing text 'cristian' into text field 'id=user-name'.</msg>
<arg>id=user-name</arg>
<arg>${LOGIN_DATA["WrongData"]["username"]}</arg>
<doc>Types the given ``text`` into the text field identified by ``locator``.</doc>
<status status="PASS" start="2026-06-05T13:57:27.881307" elapsed="0.167443"/>
</kw>
<kw name="Input Text" owner="SeleniumLibrary">
<msg time="2026-06-05T13:57:28.050159" level="INFO">Typing text '123456' into text field 'id=password'.</msg>
<arg>id=password</arg>
<arg>${LOGIN_DATA["WrongData"]["password"]}</arg>
<doc>Types the given ``text`` into the text field identified by ``locator``.</doc>
<status status="PASS" start="2026-06-05T13:57:28.049189" elapsed="0.121404"/>
</kw>
<status status="PASS" start="2026-06-05T13:57:27.848645" elapsed="0.322269"/>
</kw>
<kw name="I click on the login button" owner="login_keyworks">
<kw name="Click Button" owner="SeleniumLibrary">
<msg time="2026-06-05T13:57:28.173347" level="INFO">Clicking button 'id=login-button'.</msg>
<arg>id=login-button</arg>
<doc>Clicks the button identified by ``locator``.</doc>
<status status="PASS" start="2026-06-05T13:57:28.172569" elapsed="0.120248"/>
</kw>
<status status="PASS" start="2026-06-05T13:57:28.171570" elapsed="0.121743"/>
</kw>
<kw name="I am able see the expected error message for wrong credentials" owner="login_keyworks">
<kw name="Wait Until Element Contains" owner="SeleniumLibrary">
<arg>class=error-message-container</arg>
<arg>${ERROR_MESSAGES["wrongCredentials"]}</arg>
<doc>Waits until the element ``locator`` contains ``text``.</doc>
<status status="PASS" start="2026-06-05T13:57:28.295103" elapsed="0.032134"/>
</kw>
<status status="PASS" start="2026-06-05T13:57:28.293982" elapsed="0.033904"/>
</kw>
<status status="PASS" start="2026-06-05T13:57:27.711664" elapsed="0.616822"/>
</test>
<status status="PASS" start="2026-06-05T13:57:20.586068" elapsed="7.755720"/>
</suite>
<status status="PASS" start="2026-06-05T13:57:20.571719" elapsed="7.777360"/>
</suite>
<status status="PASS" start="2026-06-05T13:57:20.481237" elapsed="7.885593"/>
</suite>
<statistics>
<total>
<stat pass="5" fail="0" skip="0">All Tests</stat>
</total>
<tag>
</tag>
<suite>
<stat name="Projeto robot" id="s1" pass="5" fail="0" skip="0">Projeto robot</stat>
<stat name="Test" id="s1-s1" pass="5" fail="0" skip="0">Projeto robot.Test</stat>
<stat name="Login Steps" id="s1-s1-s1" pass="5" fail="0" skip="0">Projeto robot.Test.Login Steps</stat>
</suite>
</statistics>
<errors>
</errors>
</robot>
